0 info it worked if it ends with ok
1 verbose cli [ '/home/jrauwers/.nvm/versions/node/v6.11.5/bin/node',
1 verbose cli   '/home/jrauwers/.nvm/versions/node/v6.11.5/bin/npm',
1 verbose cli   'run',
1 verbose cli   'dev' ]
2 info using npm@3.10.10
3 info using node@v6.11.5
4 verbose run-script [ 'predev', 'dev', 'postdev' ]
5 info lifecycle sick-fits-frontend@1.0.0~predev: sick-fits-frontend@1.0.0
6 silly lifecycle sick-fits-frontend@1.0.0~predev: no script for predev, continuing
7 info lifecycle sick-fits-frontend@1.0.0~dev: sick-fits-frontend@1.0.0
8 verbose lifecycle sick-fits-frontend@1.0.0~dev: unsafe-perm in lifecycle true
9 verbose lifecycle sick-fits-frontend@1.0.0~dev: PATH: /home/jrauwers/.nvm/versions/node/v6.11.5/lib/node_modules/npm/bin/node-gyp-bin:/home/jrauwers/Desktop/test/Advanced-React/sick-fits/frontend/node_modules/.bin:/home/jrauwers/.nvm/versions/node/v6.11.5/bin:/usr/local/sbin:/usr/local/bin:/usr/sbin:/usr/bin:/sbin:/bin:/usr/games:/usr/local/games:/snap/bin:/usr/lib/jvm/java-8-oracle/bin:/usr/lib/jvm/java-8-oracle/db/bin:/usr/lib/jvm/java-8-oracle/jre/bin
10 verbose lifecycle sick-fits-frontend@1.0.0~dev: CWD: /home/jrauwers/Desktop/test/Advanced-React/sick-fits/frontend
11 silly lifecycle sick-fits-frontend@1.0.0~dev: Args: [ '-c', 'next -p 7777' ]
12 silly lifecycle sick-fits-frontend@1.0.0~dev: Returned: code: 1  signal: null
13 info lifecycle sick-fits-frontend@1.0.0~dev: Failed to exec dev script
14 verbose stack Error: sick-fits-frontend@1.0.0 dev: `next -p 7777`
14 verbose stack Exit status 1
14 verbose stack     at EventEmitter.<anonymous> (/home/jrauwers/.nvm/versions/node/v6.11.5/lib/node_modules/npm/lib/utils/lifecycle.js:255:16)
14 verbose stack     at emitTwo (events.js:106:13)
14 verbose stack     at EventEmitter.emit (events.js:191:7)
14 verbose stack     at ChildProcess.<anonymous> (/home/jrauwers/.nvm/versions/node/v6.11.5/lib/node_modules/npm/lib/utils/spawn.js:40:14)
14 verbose stack     at emitTwo (events.js:106:13)
14 verbose stack     at ChildProcess.emit (events.js:191:7)
14 verbose stack     at maybeClose (internal/child_process.js:920:16)
14 verbose stack     at Process.ChildProcess._handle.onexit (internal/child_process.js:230:5)
15 verbose pkgid sick-fits-frontend@1.0.0
16 verbose cwd /home/jrauwers/Desktop/test/Advanced-React/sick-fits/frontend
17 error Linux 4.15.0-36-generic
18 error argv "/home/jrauwers/.nvm/versions/node/v6.11.5/bin/node" "/home/jrauwers/.nvm/versions/node/v6.11.5/bin/npm" "run" "dev"
19 error node v6.11.5
20 error npm  v3.10.10
21 error code ELIFECYCLE
22 error sick-fits-frontend@1.0.0 dev: `next -p 7777`
22 error Exit status 1
23 error Failed at the sick-fits-frontend@1.0.0 dev script 'next -p 7777'.
23 error Make sure you have the latest version of node.js and npm installed.
23 error If you do, this is most likely a problem with the sick-fits-frontend package,
23 error not with npm itself.
23 error Tell the author that this fails on your system:
23 error     next -p 7777
23 error You can get information on how to open an issue for this project with:
23 error     npm bugs sick-fits-frontend
23 error Or if that isn't available, you can get their info via:
23 error     npm owner ls sick-fits-frontend
23 error There is likely additional logging output above.
24 verbose exit [ 1, true ]
